<?xml version="1.0" encoding="UTF-8"?>
<testsuite xmlns:xsi="http://www.w3.org/2001/XMLSchema-instance" xsi:noNamespaceSchemaLocation="https://maven.apache.org/surefire/maven-surefire-plugin/xsd/surefire-test-report-3.0.xsd" version="3.0" name="com.sprinklr.neo4j.NonReturnQueryTest" time="1.161" tests="1" errors="0" skipped="0" failures="0">
  <properties>
[...]
</properties>
  <testcase name="queryWithNoReturn" classname="com.sprinklr.neo4j.NonReturnQueryTest" time="1.154">
    <system-out><![CDATA[2024-07-04T14:47:45.688+05:30  INFO 21158 --- [Neo4J Wrapper] [           main] t.c.s.AnnotationConfigContextLoaderUtils : Could not detect default configuration classes for test class [com.sprinklr.neo4j.NonReturnQueryTest]: NonReturnQueryTest does not declare any static, non-private, non-final, nested classes annotated with @Configuration.
2024-07-04T14:47:45.690+05:30  INFO 21158 --- [Neo4J Wrapper] [           main] .b.t.c.SpringBootTestContextBootstrapper : Found @SpringBootConfiguration com.sprinklr.neo4j.Application for test class com.sprinklr.neo4j.NonReturnQueryTest
2024-07-04T14:47:45.694+05:30 DEBUG 21158 --- [Neo4J Wrapper] [           main] o.s.d.n.c.t.Neo4jTransactionManager      : Creating new transaction with name [com.sprinklr.neo4j.NonReturnQueryTest.queryWithNoReturn]: PROPAGATION_REQUIRED,ISOLATION_DEFAULT
2024-07-04T14:47:46.152+05:30 DEBUG 21158 --- [Neo4J Wrapper] [           main] o.s.d.n.c.t.Neo4jTransactionManager      : Participating in existing transaction
2024-07-04T14:47:46.152+05:30 DEBUG 21158 --- [Neo4J Wrapper] [           main] o.s.d.n.c.t.Neo4jTransactionManager      : Participating in existing transaction
2024-07-04T14:47:46.152+05:30  WARN 21158 --- [Neo4J Wrapper] [           main] o.s.d.n.c.m.DefaultNeo4jIsNewStrategy    : Instances of class com.sprinklr.neo4j.entities.RegionEntity with an assigned id will always be treated as new without version property
2024-07-04T14:47:46.157+05:30 DEBUG 21158 --- [Neo4J Wrapper] [           main] org.springframework.data.neo4j.cypher    : Executing:
OPTIONAL MATCH (hlp:`Region`) WHERE hlp.regionID = $__id__ WITH hlp WHERE hlp IS NULL CREATE (regionEntity:`Region`) WITH regionEntity SET regionEntity += $__properties__ RETURN regionEntity UNION MATCH (regionEntity:`Region`) WHERE regionEntity.regionID = $__id__ WITH regionEntity SET regionEntity += $__properties__ RETURN regionEntity
2024-07-04T14:47:46.248+05:30 DEBUG 21158 --- [Neo4J Wrapper] [           main] o.s.d.n.c.t.Neo4jTransactionManager      : Participating in existing transaction
2024-07-04T14:47:46.248+05:30 DEBUG 21158 --- [Neo4J Wrapper] [           main] org.springframework.data.neo4j.cypher    : Executing:
MATCH (r:Region where r.regionID = "temp_id") SET r.created_prop = 1;
2024-07-04T14:47:46.358+05:30 DEBUG 21158 --- [Neo4J Wrapper] [           main] o.s.d.n.c.t.Neo4jTransactionManager      : Participating in existing transaction
2024-07-04T14:47:46.358+05:30 DEBUG 21158 --- [Neo4J Wrapper] [           main] org.springframework.data.neo4j.cypher    : Executing:
MATCH (r:Region where r.regionID = "temp_id") RETURN r as regionEntity, r.created_prop as created_prop;
2024-07-04T14:47:46.492+05:30 DEBUG 21158 --- [Neo4J Wrapper] [           main] o.s.d.n.c.t.Neo4jTransactionManager      : Initiating transaction rollback
]]></system-out>
  </testcase>
</testsuite>