<?xml version="1.0" encoding="UTF-8"?>
<testsuite xmlns:xsi="http://www.w3.org/2001/XMLSchema-instance" xsi:noNamespaceSchemaLocation="https://maven.apache.org/surefire/maven-surefire-plugin/xsd/surefire-test-report-3.0.xsd" version="3.0" name="com.sprinklr.neo4j.SimpleAggregationTest" time="4.321" tests="1" errors="0" skipped="0" failures="0">
  <properties>
[...]
</properties>
  <testcase name="aggregateOrderProduct" classname="com.sprinklr.neo4j.SimpleAggregationTest" time="2.381">
    <system-out><![CDATA[14:47:38.809 [main] INFO org.springframework.test.context.support.AnnotationConfigContextLoaderUtils -- Could not detect default configuration classes for test class [com.sprinklr.neo4j.SimpleAggregationTest]: SimpleAggregationTest does not declare any static, non-private, non-final, nested classes annotated with @Configuration.
14:47:38.903 [main] INFO org.springframework.boot.test.context.SpringBootTestContextBootstrapper -- Found @SpringBootConfiguration com.sprinklr.neo4j.Application for test class com.sprinklr.neo4j.SimpleAggregationTest
  .   ____          _            __ _ _
 /\\ / ___'_ __ _ _(_)_ __  __ _ \ \ \ \
( ( )\___ | '_ | '_| | '_ \/ _` | \ \ \ \
 \\/  ___)| |_)| | | | | || (_| |  ) ) ) )
  '  |____| .__|_| |_|_| |_\__, | / / / /
 =========|_|==============|___/=/_/_/_/

 :: Spring Boot ::                (v3.3.0)

2024-07-04T14:47:39.271+05:30  INFO 21158 --- [Neo4J Wrapper] [           main] c.sprinklr.neo4j.SimpleAggregationTest   : Starting SimpleAggregationTest using Java 22.0.1 with PID 21158 (started by harsh.vardhan in /Users/harsh.vardhan/NeoTest/app-java)
2024-07-04T14:47:39.272+05:30  INFO 21158 --- [Neo4J Wrapper] [           main] c.sprinklr.neo4j.SimpleAggregationTest   : No active profile set, falling back to 1 default profile: "default"
2024-07-04T14:47:39.620+05:30 DEBUG 21158 --- [Neo4J Wrapper] [           main] o.s.d.n.repository.config.StartupLogger  : Bootstrapping reactive Neo4j repositories based on SDN v7.3.0 with Spring Data Commons v3.3.0 and Neo4j Driver v5.20.0.
2024-07-04T14:47:39.621+05:30  INFO 21158 --- [Neo4J Wrapper] [           main] .s.d.r.c.RepositoryConfigurationDelegate : Bootstrapping Spring Data Neo4j repositories in DEFAULT mode.
2024-07-04T14:47:39.637+05:30  INFO 21158 --- [Neo4J Wrapper] [           main] .s.d.r.c.RepositoryConfigurationDelegate : Finished Spring Data repository scanning in 11 ms. Found 0 Neo4j repository interfaces.
2024-07-04T14:47:39.645+05:30 DEBUG 21158 --- [Neo4J Wrapper] [           main] o.s.d.n.repository.config.StartupLogger  : Bootstrapping imperative Neo4j repositories based on SDN v7.3.0 with Spring Data Commons v3.3.0 and Neo4j Driver v5.20.0.
2024-07-04T14:47:39.645+05:30  INFO 21158 --- [Neo4J Wrapper] [           main] .s.d.r.c.RepositoryConfigurationDelegate : Bootstrapping Spring Data Neo4j repositories in DEFAULT mode.
2024-07-04T14:47:39.649+05:30  INFO 21158 --- [Neo4J Wrapper] [           main] .s.d.r.c.RepositoryConfigurationDelegate : Finished Spring Data repository scanning in 4 ms. Found 0 Neo4j repository interfaces.
2024-07-04T14:47:40.575+05:30  INFO 21158 --- [Neo4J Wrapper] [           main] c.sprinklr.neo4j.SimpleAggregationTest   : Started SimpleAggregationTest in 1.561 seconds (process running for 2.433)
2024-07-04T14:47:41.384+05:30 DEBUG 21158 --- [Neo4J Wrapper] [           main] o.s.d.n.c.t.Neo4jTransactionManager      : Creating new transaction with name [com.sprinklr.neo4j.Neo4jWrapper.executeQuery]: PROPAGATION_REQUIRED,ISOLATION_DEFAULT; 'transactionManager'
2024-07-04T14:47:42.652+05:30 DEBUG 21158 --- [Neo4J Wrapper] [           main] org.springframework.data.neo4j.cypher    : Executing:
MATCH (o:Order where o.orderID = "10248")-[:ORDERS]->(p:Product) RETURN o as orderEntity, p as productEntity;
2024-07-04T14:47:42.772+05:30 DEBUG 21158 --- [Neo4J Wrapper] [           main] o.s.d.n.c.t.Neo4jTransactionManager      : Initiating transaction commit
]]></system-out>
    <system-err><![CDATA[WARNING: A Java agent has been loaded dynamically (/Users/harsh.vardhan/.m2/repository/net/bytebuddy/byte-buddy-agent/1.14.16/byte-buddy-agent-1.14.16.jar)
WARNING: If a serviceability tool is in use, please run with -XX:+EnableDynamicAgentLoading to hide this warning
WARNING: If a serviceability tool is not in use, please run with -Djdk.instrument.traceUsage for more information
WARNING: Dynamic loading of agents will be disallowed by default in a future release
]]></system-err>
  </testcase>
</testsuite>